{
  "RSpec": {
    "coverage": {
      "/Users/mohammadfaisalnazari/turing_be/mod_2/projects/relational_rails/relational_rails/config/environment.rb": {
        "lines": [
          null,
          1,
          null,
          null,
          1
        ]
      },
      "/Users/mohammadfaisalnazari/turing_be/mod_2/projects/relational_rails/relational_rails/config/application.rb": {
        "lines": [
          1,
          null,
          1,
          null,
          1,
          1,
          1,
          1,
          1,
          1,
          1,
          1,
          1,
          1,
          null,
          null,
          null,
          null,
          1,
          null,
          1,
          1,
          null,
          1,
          null,
          null,
          null,
          null,
          1,
          null,
          null,
          null,
          null,
          null,
          null,
          null,
          null,
          null,
          null,
          1,
          null,
          null
        ]
      },
      "/Users/mohammadfaisalnazari/turing_be/mod_2/projects/relational_rails/relational_rails/config/boot.rb": {
        "lines": [
          1,
          null,
          1,
          1
        ]
      },
      "/Users/mohammadfaisalnazari/turing_be/mod_2/projects/relational_rails/relational_rails/config/environments/test.rb": {
        "lines": [
          1,
          null,
          null,
          null,
          null,
          null,
          null,
          1,
          null,
          null,
          null,
          1,
          null,
          null,
          null,
          null,
          null,
          1,
          null,
          null,
          1,
          1,
          null,
          null,
          null,
          null,
          1,
          1,
          1,
          null,
          null,
          1,
          null,
          null,
          1,
          null,
          null,
          1,
          null,
          1,
          null,
          null,
          null,
          null,
          1,
          null,
          null,
          1,
          null,
          null,
          1,
          null,
          null,
          1,
          null,
          null,
          null,
          null,
          null,
          null,
          null,
          null,
          1,
          null
        ]
      },
      "/Users/mohammadfaisalnazari/turing_be/mod_2/projects/relational_rails/relational_rails/config/initializers/assets.rb": {
        "lines": [
          null,
          null,
          null,
          1,
          null,
          null,
          null,
          null,
          null,
          null,
          null,
          null
        ]
      },
      "/Users/mohammadfaisalnazari/turing_be/mod_2/projects/relational_rails/relational_rails/config/initializers/content_security_policy.rb": {
        "lines": [
          null,
          null,
          null,
          null,
          null,
          null,
          null,
          null,
          null,
          null,
          null,
          null,
          null,
          null,
          null,
          null,
          null,
          null,
          null,
          null,
          null,
          null,
          null,
          null,
          null
        ]
      },
      "/Users/mohammadfaisalnazari/turing_be/mod_2/projects/relational_rails/relational_rails/config/initializers/filter_parameter_logging.rb": {
        "lines": [
          null,
          null,
          null,
          null,
          null,
          1,
          null,
          null
        ]
      },
      "/Users/mohammadfaisalnazari/turing_be/mod_2/projects/relational_rails/relational_rails/config/initializers/inflections.rb": {
        "lines": [
          null,
          null,
          null,
          null,
          null,
          null,
          null,
          null,
          null,
          null,
          null,
          null,
          null,
          null,
          null,
          null
        ]
      },
      "/Users/mohammadfaisalnazari/turing_be/mod_2/projects/relational_rails/relational_rails/config/initializers/permissions_policy.rb": {
        "lines": [
          null,
          null,
          null,
          null,
          null,
          null,
          null,
          null,
          null,
          null,
          null,
          null,
          null
        ]
      },
      "/Users/mohammadfaisalnazari/turing_be/mod_2/projects/relational_rails/relational_rails/config/routes.rb": {
        "lines": [
          1,
          null,
          null,
          null,
          null,
          1,
          null,
          null,
          null,
          1,
          1,
          1,
          1,
          1,
          null
        ]
      },
      "/Users/mohammadfaisalnazari/turing_be/mod_2/projects/relational_rails/relational_rails/app/helpers/application_helper.rb": {
        "lines": [
          1,
          null
        ]
      },
      "/Users/mohammadfaisalnazari/turing_be/mod_2/projects/relational_rails/relational_rails/app/models/cohort.rb": {
        "lines": [
          1,
          1,
          null
        ]
      },
      "/Users/mohammadfaisalnazari/turing_be/mod_2/projects/relational_rails/relational_rails/app/models/application_record.rb": {
        "lines": [
          1,
          1,
          null
        ]
      },
      "/Users/mohammadfaisalnazari/turing_be/mod_2/projects/relational_rails/relational_rails/app/models/student.rb": {
        "lines": [
          1,
          1,
          null
        ]
      },
      "/Users/mohammadfaisalnazari/turing_be/mod_2/projects/relational_rails/relational_rails/app/controllers/cohort_students_controller.rb": {
        "lines": [
          1,
          1,
          1,
          1,
          null,
          null,
          null,
          null,
          null
        ]
      },
      "/Users/mohammadfaisalnazari/turing_be/mod_2/projects/relational_rails/relational_rails/app/controllers/application_controller.rb": {
        "lines": [
          1,
          null
        ]
      }
    },
    "timestamp": 1707257995
  }
}
